Determining if the pthread_create exist failed with the following output:
Change Dir: /home/yifengn2/catkin_ws3/build/CMakeFiles/CMakeTmp

Run Build Command:"/usr/bin/make" "cmTC_a5973/fast"
/usr/bin/make -f CMakeFiles/cmTC_a5973.dir/build.make CMakeFiles/cmTC_a5973.dir/build
make[1]: Entering directory '/home/yifengn2/catkin_ws3/build/CMakeFiles/CMakeTmp'
Building C object CMakeFiles/cmTC_a5973.dir/CheckSymbolExists.c.o
/usr/bin/cc     -o CMakeFiles/cmTC_a5973.dir/CheckSymbolExists.c.o   -c /home/yifengn2/catkin_ws3/build/CMakeFiles/CMakeTmp/CheckSymbolExists.c
Linking C executable cmTC_a5973
/usr/bin/cmake -E cmake_link_script CMakeFiles/cmTC_a5973.dir/link.txt --verbose=1
/usr/bin/cc       CMakeFiles/cmTC_a5973.dir/CheckSymbolExists.c.o  -o cmTC_a5973 -rdynamic 
CMakeFiles/cmTC_a5973.dir/CheckSymbolExists.c.o: In function `main':
CheckSymbolExists.c:(.text+0x16): undefined reference to `pthread_create'
collect2: error: ld returned 1 exit status
CMakeFiles/cmTC_a5973.dir/build.make:97: recipe for target 'cmTC_a5973' failed
make[1]: *** [cmTC_a5973] Error 1
make[1]: Leaving directory '/home/yifengn2/catkin_ws3/build/CMakeFiles/CMakeTmp'
Makefile:126: recipe for target 'cmTC_a5973/fast' failed
make: *** [cmTC_a5973/fast] Error 2

File /home/yifengn2/catkin_ws3/build/CMakeFiles/CMakeTmp/CheckSymbolExists.c:
/* */
#include <pthread.h>

int main(int argc, char** argv)
{
  (void)argv;
#ifndef pthread_create
  return ((int*)(&pthread_create))[argc];
#else
  (void)argc;
  return 0;
#endif
}

Determining if the function pthread_create exists in the pthreads failed with the following output:
Change Dir: /home/yifengn2/catkin_ws3/build/CMakeFiles/CMakeTmp

Run Build Command:"/usr/bin/make" "cmTC_91128/fast"
/usr/bin/make -f CMakeFiles/cmTC_91128.dir/build.make CMakeFiles/cmTC_91128.dir/build
make[1]: Entering directory '/home/yifengn2/catkin_ws3/build/CMakeFiles/CMakeTmp'
Building C object CMakeFiles/cmTC_91128.dir/CheckFunctionExists.c.o
/usr/bin/cc    -DCHECK_FUNCTION_EXISTS=pthread_create   -o CMakeFiles/cmTC_91128.dir/CheckFunctionExists.c.o   -c /usr/share/cmake-3.5/Modules/CheckFunctionExists.c
Linking C executable cmTC_91128
/usr/bin/cmake -E cmake_link_script CMakeFiles/cmTC_91128.dir/link.txt --verbose=1
/usr/bin/cc   -DCHECK_FUNCTION_EXISTS=pthread_create    CMakeFiles/cmTC_91128.dir/CheckFunctionExists.c.o  -o cmTC_91128 -rdynamic -lpthreads 
/usr/bin/ld: cannot find -lpthreads
collect2: error: ld returned 1 exit status
CMakeFiles/cmTC_91128.dir/build.make:97: recipe for target 'cmTC_91128' failed
make[1]: *** [cmTC_91128] Error 1
make[1]: Leaving directory '/home/yifengn2/catkin_ws3/build/CMakeFiles/CMakeTmp'
Makefile:126: recipe for target 'cmTC_91128/fast' failed
make: *** [cmTC_91128/fast] Error 2


